<?xml version="1.0" encoding="UTF-8"?>
<!-- Generated by org.testng.reporters.JUnitReportReporter -->
<testsuite skipped="0" hostname="W8229152" name="mmt.planner.testdata.HomePage" tests="1" failures="0" timestamp="01 Mar 2021 08:52:56 GMT" time="18.982" errors="0">
  <testcase name="FirstTest" time="18.982" classname="mmt.planner.testdata.HomePage"/>
</testsuite> <!-- mmt.planner.testdata.HomePage -->
