<?xml version="1.0" encoding="UTF-8"?>
<!-- Generated by org.testng.reporters.JUnitReportReporter -->
<testsuite skipped="0" hostname="W8229152" name="mmt.planner.testcases.ItianaryTest2" tests="1" failures="0" timestamp="01 Mar 2021 15:22:18 GMT" time="41.612" errors="0">
  <testcase name="searchWithCities" time="41.612" classname="mmt.planner.testcases.ItianaryTest2"/>
</testsuite> <!-- mmt.planner.testcases.ItianaryTest2 -->
